[2023-04-22T10:52:45.579+0000] {taskinstance.py:1083} INFO - Dependencies all met for <TaskInstance: name_gender.perform_etl scheduled__2023-04-21T02:00:00+00:00 [queued]>
[2023-04-22T10:52:45.609+0000] {taskinstance.py:1083} INFO - Dependencies all met for <TaskInstance: name_gender.perform_etl scheduled__2023-04-21T02:00:00+00:00 [queued]>
[2023-04-22T10:52:45.610+0000] {taskinstance.py:1279} INFO - 
--------------------------------------------------------------------------------
[2023-04-22T10:52:45.610+0000] {taskinstance.py:1280} INFO - Starting attempt 1 of 1
[2023-04-22T10:52:45.610+0000] {taskinstance.py:1281} INFO - 
--------------------------------------------------------------------------------
[2023-04-22T10:52:45.655+0000] {taskinstance.py:1300} INFO - Executing <Task(PythonOperator): perform_etl> on 2023-04-21 02:00:00+00:00
[2023-04-22T10:52:45.660+0000] {standard_task_runner.py:55} INFO - Started process 92409 to run task
[2023-04-22T10:52:45.669+0000] {standard_task_runner.py:82} INFO - Running: ['***', 'tasks', 'run', 'name_gender', 'perform_etl', 'scheduled__2023-04-21T02:00:00+00:00', '--job-id', '5', '--raw', '--subdir', 'DAGS_FOLDER/NameGenderCSVtoRedshift.py', '--cfg-path', '/tmp/tmp2401sgdx']
[2023-04-22T10:52:45.683+0000] {standard_task_runner.py:83} INFO - Job 5: Subtask perform_etl
[2023-04-22T10:52:45.956+0000] {task_command.py:388} INFO - Running <TaskInstance: name_gender.perform_etl scheduled__2023-04-21T02:00:00+00:00 [running]> on host ip-172-31-24-193.ap-northeast-2.compute.internal
[2023-04-22T10:52:46.198+0000] {taskinstance.py:1507} INFO - Exporting the following env vars:
AIRFLOW_CTX_DAG_OWNER=***
AIRFLOW_CTX_DAG_ID=name_gender
AIRFLOW_CTX_TASK_ID=perform_etl
AIRFLOW_CTX_EXECUTION_DATE=2023-04-21T02:00:00+00:00
AIRFLOW_CTX_TRY_NUMBER=1
AIRFLOW_CTX_DAG_RUN_ID=scheduled__2023-04-21T02:00:00+00:00
[2023-04-22T10:52:46.201+0000] {NameGenderCSVtoRedshift.py:20} INFO - Extract started
[2023-04-22T10:52:46.772+0000] {NameGenderCSVtoRedshift.py:22} INFO - Extract done
[2023-04-22T10:52:46.773+0000] {NameGenderCSVtoRedshift.py:27} INFO - transform started
[2023-04-22T10:52:46.773+0000] {NameGenderCSVtoRedshift.py:30} INFO - transform done
[2023-04-22T10:52:46.773+0000] {NameGenderCSVtoRedshift.py:35} INFO - load started
[2023-04-22T10:52:49.235+0000] {NameGenderCSVtoRedshift.py:44} INFO - BEGIN;DELETE FROM jewoos15.name_gender;INSERT INTO jewoos15.name_gender VALUES ('Adaleigh', 'F');INSERT INTO jewoos15.name_gender VALUES ('Amryn', 'Unisex');INSERT INTO jewoos15.name_gender VALUES ('Apurva', 'Unisex');INSERT INTO jewoos15.name_gender VALUES ('Aryion', 'M');INSERT INTO jewoos15.name_gender VALUES ('Alixia', 'F');INSERT INTO jewoos15.name_gender VALUES ('Alyssarose', 'F');INSERT INTO jewoos15.name_gender VALUES ('Arvell', 'M');INSERT INTO jewoos15.name_gender VALUES ('Aibel', 'M');INSERT INTO jewoos15.name_gender VALUES ('Atiyyah', 'F');INSERT INTO jewoos15.name_gender VALUES ('Adlie', 'F');INSERT INTO jewoos15.name_gender VALUES ('Anyely', 'F');INSERT INTO jewoos15.name_gender VALUES ('Aamoni', 'F');INSERT INTO jewoos15.name_gender VALUES ('Ahman', 'M');INSERT INTO jewoos15.name_gender VALUES ('Arlane', 'F');INSERT INTO jewoos15.name_gender VALUES ('Armoney', 'F');INSERT INTO jewoos15.name_gender VALUES ('Atzhiry', 'F');INSERT INTO jewoos15.name_gender VALUES ('Antonette', 'F');INSERT INTO jewoos15.name_gender VALUES ('Akeelah', 'F');INSERT INTO jewoos15.name_gender VALUES ('Abdikadir', 'M');INSERT INTO jewoos15.name_gender VALUES ('Arinze', 'M');INSERT INTO jewoos15.name_gender VALUES ('Arshaun', 'M');INSERT INTO jewoos15.name_gender VALUES ('Alexandro', 'M');INSERT INTO jewoos15.name_gender VALUES ('Ayriauna', 'F');INSERT INTO jewoos15.name_gender VALUES ('Aqib', 'M');INSERT INTO jewoos15.name_gender VALUES ('Alleya', 'F');INSERT INTO jewoos15.name_gender VALUES ('Aavah', 'F');INSERT INTO jewoos15.name_gender VALUES ('Anesti', 'Unisex');INSERT INTO jewoos15.name_gender VALUES ('Adalaide', 'F');INSERT INTO jewoos15.name_gender VALUES ('Analena', 'F');INSERT INTO jewoos15.name_gender VALUES ('Alaeyah', 'F');INSERT INTO jewoos15.name_gender VALUES ('Albena', 'F');INSERT INTO jewoos15.name_gender VALUES ('Aimi', 'F');INSERT INTO jewoos15.name_gender VALUES ('Adwaith', 'M');INSERT INTO jewoos15.name_gender VALUES ('Arkady', 'M');INSERT INTO jewoos15.name_gender VALUES ('Astyn', 'Unisex');INSERT INTO jewoos15.name_gender VALUES ('Adelee', 'F');INSERT INTO jewoos15.name_gender VALUES ('Agata', 'F');INSERT INTO jewoos15.name_gender VALUES ('Alegna', 'F');INSERT INTO jewoos15.name_gender VALUES ('Altan', 'M');INSERT INTO jewoos15.name_gender VALUES ('Ahnaleigh', 'F');INSERT INTO jewoos15.name_gender VALUES ('Algie', 'Unisex');INSERT INTO jewoos15.name_gender VALUES ('Ashanti', 'F');INSERT INTO jewoos15.name_gender VALUES ('Aislyn', 'F');INSERT INTO jewoos15.name_gender VALUES ('Adaleine', 'F');INSERT INTO jewoos15.name_gender VALUES ('Anthnoy', 'M');INSERT INTO jewoos15.name_gender VALUES ('Algernon', 'M');INSERT INTO jewoos15.name_gender VALUES ('Aeryona', 'F');INSERT INTO jewoos15.name_gender VALUES ('Adrinne', 'F');INSERT INTO jewoos15.name_gender VALUES ('Addell', 'F');INSERT INTO jewoos15.name_gender VALUES ('Avril', 'F');INSERT INTO jewoos15.name_gender VALUES ('Ahni', 'F');INSERT INTO jewoos15.name_gender VALUES ('Aimon', 'M');INSERT INTO jewoos15.name_gender VALUES ('Adolpho', 'M');INSERT INTO jewoos15.name_gender VALUES ('Ahuva', 'F');INSERT INTO jewoos15.name_gender VALUES ('Aurielle', 'F');INSERT INTO jewoos15.name_gender VALUES ('Aveana', 'F');INSERT INTO jewoos15.name_gender VALUES ('Aliyia', 'F');INSERT INTO jewoos15.name_gender VALUES ('Alesander', 'M');INSERT INTO jewoos15.name_gender VALUES ('Adnrea', 'F');INSERT INTO jewoos15.name_gender VALUES ('Anjae', 'F');INSERT INTO jewoos15.name_gender VALUES ('Alvine', 'F');INSERT INTO jewoos15.name_gender VALUES ('Adorah', 'F');INSERT INTO jewoos15.name_gender VALUES ('Adlemi', 'F');INSERT INTO jewoos15.name_gender VALUES ('Alesi', 'F');INSERT INTO jewoos15.name_gender VALUES ('Alontae', 'M');INSERT INTO jewoos15.name_gender VALUES ('Antonny', 'M');INSERT INTO jewoos15.name_gender VALUES ('Adarah', 'F');INSERT INTO jewoos15.name_gender VALUES ('Ayreanna', 'F');INSERT INTO jewoos15.name_gender VALUES ('Antyon', 'M');INSERT INTO jewoos15.name_gender VALUES ('Andia', 'F');INSERT INTO jewoos15.name_gender VALUES ('Ashla', 'F');INSERT INTO jewoos15.name_gender VALUES ('Aspyn', 'F');INSERT INTO jewoos15.name_gender VALUES ('Antwanett', 'F');INSERT INTO jewoos15.name_gender VALUES ('Aundreia', 'F');INSERT INTO jewoos15.name_gender VALUES ('Audella', 'F');INSERT INTO jewoos15.name_gender VALUES ('Amari', 'Unisex');INSERT INTO jewoos15.name_gender VALUES ('Arsha', 'Unisex');INSERT INTO jewoos15.name_gender VALUES ('Aricella', 'F');INSERT INTO jewoos15.name_gender VALUES ('Adan', 'M');INSERT INTO jewoos15.name_gender VALUES ('Apasra', 'F');INSERT INTO jewoos15.name_gender VALUES ('Alaysha', 'F');INSERT INTO jewoos15.name_gender VALUES ('Anderson', 'M');INSERT INTO jewoos15.name_gender VALUES ('Aurelius', 'M');INSERT INTO jewoos15.name_gender VALUES ('Aerial', 'F');INSERT INTO jewoos15.name_gender VALUES ('Averleigh', 'F');INSERT INTO jewoos15.name_gender VALUES ('Aslean', 'F');INSERT INTO jewoos15.name_gender VALUES ('Arniesha', 'F');INSERT INTO jewoos15.name_gender VALUES ('Asyana', 'F');INSERT INTO jewoos15.name_gender VALUES ('Annjane', 'F');INSERT INTO jewoos15.name_gender VALUES ('Amabella', 'F');INSERT INTO jewoos15.name_gender VALUES ('Austinjohn', 'M');INSERT INTO jewoos15.name_gender VALUES ('Arloween', 'F');INSERT INTO jewoos15.name_gender VALUES ('Alula', 'M');INSERT INTO jewoos15.name_gender VALUES ('Anemone', 'F');INSERT INTO jewoos15.name_gender VALUES ('Amorina', 'F');INSERT INTO jewoos15.name_gender VALUES ('Anureet', 'F');INSERT INTO jewoos15.name_gender VALUES ('Arric', 'M');INSERT INTO jewoos15.name_gender VALUES ('Antonne', 'M');INSERT INTO jewoos15.name_gender VALUES ('Alyre', 'M');INSERT INTO jewoos15.name_gender VALUES ('Annaise', 'F');END;
[2023-04-22T10:52:49.236+0000] {NameGenderCSVtoRedshift.py:45} INFO - load done
[2023-04-22T10:52:49.236+0000] {python.py:177} INFO - Done. Returned value was: None
[2023-04-22T10:52:49.251+0000] {taskinstance.py:1318} INFO - Marking task as SUCCESS. dag_id=name_gender, task_id=perform_etl, execution_date=20230421T020000, start_date=20230422T105245, end_date=20230422T105249
[2023-04-22T10:52:49.324+0000] {local_task_job.py:208} INFO - Task exited with return code 0
[2023-04-22T10:52:49.354+0000] {taskinstance.py:2578} INFO - 0 downstream tasks scheduled from follow-on schedule check
