[2023-04-22T10:52:47.299+0000] {taskinstance.py:1083} INFO - Dependencies all met for <TaskInstance: HelloWorld_v2.print_goodbye scheduled__2023-04-21T02:00:00+00:00 [queued]>
[2023-04-22T10:52:47.310+0000] {taskinstance.py:1083} INFO - Dependencies all met for <TaskInstance: HelloWorld_v2.print_goodbye scheduled__2023-04-21T02:00:00+00:00 [queued]>
[2023-04-22T10:52:47.311+0000] {taskinstance.py:1279} INFO - 
--------------------------------------------------------------------------------
[2023-04-22T10:52:47.311+0000] {taskinstance.py:1280} INFO - Starting attempt 1 of 1
[2023-04-22T10:52:47.311+0000] {taskinstance.py:1281} INFO - 
--------------------------------------------------------------------------------
[2023-04-22T10:52:47.330+0000] {taskinstance.py:1300} INFO - Executing <Task(_PythonDecoratedOperator): print_goodbye> on 2023-04-21 02:00:00+00:00
[2023-04-22T10:52:47.337+0000] {standard_task_runner.py:55} INFO - Started process 92453 to run task
[2023-04-22T10:52:47.344+0000] {standard_task_runner.py:82} INFO - Running: ['***', 'tasks', 'run', 'HelloWorld_v2', 'print_goodbye', 'scheduled__2023-04-21T02:00:00+00:00', '--job-id', '7', '--raw', '--subdir', 'DAGS_FOLDER/HelloWorld_v2.py', '--cfg-path', '/tmp/tmpk4w9xgrp']
[2023-04-22T10:52:47.346+0000] {standard_task_runner.py:83} INFO - Job 7: Subtask print_goodbye
[2023-04-22T10:52:47.435+0000] {task_command.py:388} INFO - Running <TaskInstance: HelloWorld_v2.print_goodbye scheduled__2023-04-21T02:00:00+00:00 [running]> on host ip-172-31-24-193.ap-northeast-2.compute.internal
[2023-04-22T10:52:47.530+0000] {taskinstance.py:1507} INFO - Exporting the following env vars:
AIRFLOW_CTX_DAG_OWNER=***
AIRFLOW_CTX_DAG_ID=HelloWorld_v2
AIRFLOW_CTX_TASK_ID=print_goodbye
AIRFLOW_CTX_EXECUTION_DATE=2023-04-21T02:00:00+00:00
AIRFLOW_CTX_TRY_NUMBER=1
AIRFLOW_CTX_DAG_RUN_ID=scheduled__2023-04-21T02:00:00+00:00
[2023-04-22T10:52:47.531+0000] {logging_mixin.py:137} INFO - goodbye!
[2023-04-22T10:52:47.531+0000] {python.py:177} INFO - Done. Returned value was: goodbye!
[2023-04-22T10:52:47.565+0000] {taskinstance.py:1318} INFO - Marking task as SUCCESS. dag_id=HelloWorld_v2, task_id=print_goodbye, execution_date=20230421T020000, start_date=20230422T105247, end_date=20230422T105247
[2023-04-22T10:52:47.594+0000] {local_task_job.py:208} INFO - Task exited with return code 0
[2023-04-22T10:52:47.621+0000] {taskinstance.py:2578} INFO - 0 downstream tasks scheduled from follow-on schedule check
