[2023-04-22T10:52:45.527+0000] {taskinstance.py:1083} INFO - Dependencies all met for <TaskInstance: HelloWorld_v2.print_hello scheduled__2023-04-21T02:00:00+00:00 [queued]>
[2023-04-22T10:52:45.565+0000] {taskinstance.py:1083} INFO - Dependencies all met for <TaskInstance: HelloWorld_v2.print_hello scheduled__2023-04-21T02:00:00+00:00 [queued]>
[2023-04-22T10:52:45.565+0000] {taskinstance.py:1279} INFO - 
--------------------------------------------------------------------------------
[2023-04-22T10:52:45.565+0000] {taskinstance.py:1280} INFO - Starting attempt 1 of 1
[2023-04-22T10:52:45.565+0000] {taskinstance.py:1281} INFO - 
--------------------------------------------------------------------------------
[2023-04-22T10:52:45.603+0000] {taskinstance.py:1300} INFO - Executing <Task(_PythonDecoratedOperator): print_hello> on 2023-04-21 02:00:00+00:00
[2023-04-22T10:52:45.609+0000] {standard_task_runner.py:55} INFO - Started process 92405 to run task
[2023-04-22T10:52:45.617+0000] {standard_task_runner.py:82} INFO - Running: ['***', 'tasks', 'run', 'HelloWorld_v2', 'print_hello', 'scheduled__2023-04-21T02:00:00+00:00', '--job-id', '4', '--raw', '--subdir', 'DAGS_FOLDER/HelloWorld_v2.py', '--cfg-path', '/tmp/tmpbym701wp']
[2023-04-22T10:52:45.618+0000] {standard_task_runner.py:83} INFO - Job 4: Subtask print_hello
[2023-04-22T10:52:45.863+0000] {task_command.py:388} INFO - Running <TaskInstance: HelloWorld_v2.print_hello scheduled__2023-04-21T02:00:00+00:00 [running]> on host ip-172-31-24-193.ap-northeast-2.compute.internal
[2023-04-22T10:52:46.098+0000] {taskinstance.py:1507} INFO - Exporting the following env vars:
AIRFLOW_CTX_DAG_OWNER=***
AIRFLOW_CTX_DAG_ID=HelloWorld_v2
AIRFLOW_CTX_TASK_ID=print_hello
AIRFLOW_CTX_EXECUTION_DATE=2023-04-21T02:00:00+00:00
AIRFLOW_CTX_TRY_NUMBER=1
AIRFLOW_CTX_DAG_RUN_ID=scheduled__2023-04-21T02:00:00+00:00
[2023-04-22T10:52:46.099+0000] {logging_mixin.py:137} INFO - hello!
[2023-04-22T10:52:46.099+0000] {python.py:177} INFO - Done. Returned value was: hello!
[2023-04-22T10:52:46.195+0000] {taskinstance.py:1318} INFO - Marking task as SUCCESS. dag_id=HelloWorld_v2, task_id=print_hello, execution_date=20230421T020000, start_date=20230422T105245, end_date=20230422T105246
[2023-04-22T10:52:46.253+0000] {local_task_job.py:208} INFO - Task exited with return code 0
[2023-04-22T10:52:46.307+0000] {taskinstance.py:2578} INFO - 1 downstream tasks scheduled from follow-on schedule check
