[2023-04-22T10:52:44.097+0000] {taskinstance.py:1083} INFO - Dependencies all met for <TaskInstance: HelloWorld.print_hello scheduled__2023-04-21T02:00:00+00:00 [queued]>
[2023-04-22T10:52:44.112+0000] {taskinstance.py:1083} INFO - Dependencies all met for <TaskInstance: HelloWorld.print_hello scheduled__2023-04-21T02:00:00+00:00 [queued]>
[2023-04-22T10:52:44.112+0000] {taskinstance.py:1279} INFO - 
--------------------------------------------------------------------------------
[2023-04-22T10:52:44.112+0000] {taskinstance.py:1280} INFO - Starting attempt 1 of 1
[2023-04-22T10:52:44.112+0000] {taskinstance.py:1281} INFO - 
--------------------------------------------------------------------------------
[2023-04-22T10:52:44.126+0000] {taskinstance.py:1300} INFO - Executing <Task(PythonOperator): print_hello> on 2023-04-21 02:00:00+00:00
[2023-04-22T10:52:44.133+0000] {standard_task_runner.py:55} INFO - Started process 92366 to run task
[2023-04-22T10:52:44.138+0000] {standard_task_runner.py:82} INFO - Running: ['***', 'tasks', 'run', 'HelloWorld', 'print_hello', 'scheduled__2023-04-21T02:00:00+00:00', '--job-id', '2', '--raw', '--subdir', 'DAGS_FOLDER/HelloWorld.py', '--cfg-path', '/tmp/tmpstqaxwy2']
[2023-04-22T10:52:44.140+0000] {standard_task_runner.py:83} INFO - Job 2: Subtask print_hello
[2023-04-22T10:52:44.243+0000] {task_command.py:388} INFO - Running <TaskInstance: HelloWorld.print_hello scheduled__2023-04-21T02:00:00+00:00 [running]> on host ip-172-31-24-193.ap-northeast-2.compute.internal
[2023-04-22T10:52:44.336+0000] {taskinstance.py:1507} INFO - Exporting the following env vars:
AIRFLOW_CTX_DAG_OWNER=***
AIRFLOW_CTX_DAG_ID=HelloWorld
AIRFLOW_CTX_TASK_ID=print_hello
AIRFLOW_CTX_EXECUTION_DATE=2023-04-21T02:00:00+00:00
AIRFLOW_CTX_TRY_NUMBER=1
AIRFLOW_CTX_DAG_RUN_ID=scheduled__2023-04-21T02:00:00+00:00
[2023-04-22T10:52:44.337+0000] {logging_mixin.py:137} INFO - hello!
[2023-04-22T10:52:44.337+0000] {python.py:177} INFO - Done. Returned value was: hello!
[2023-04-22T10:52:44.364+0000] {taskinstance.py:1318} INFO - Marking task as SUCCESS. dag_id=HelloWorld, task_id=print_hello, execution_date=20230421T020000, start_date=20230422T105244, end_date=20230422T105244
[2023-04-22T10:52:44.395+0000] {local_task_job.py:208} INFO - Task exited with return code 0
[2023-04-22T10:52:44.435+0000] {taskinstance.py:2578} INFO - 1 downstream tasks scheduled from follow-on schedule check
